生成启动时间为 2015/5/16 18:05:42。
     1>项目“D:\Users\Salpha\Documents\GitHub\Elevator-on-C\elevator\elevator.vcxproj”在节点 2 上(Build 个目标)。
     1>ClCompile:
         D:\Program Files (x86)\Microsoft Visual Studio 12.0\VC\bin\CL.exe /c /ZI /nologo /W3 /WX- /sdl /Od /Oy- /D _MBCS /Gm /EHsc /RTC1 /MDd /GS /fp:precise /Zc:wchar_t /Zc:forScope /Fo"Debug\\" /Fd"Debug\vc120.pdb" /Gd /TC /analyze- /errorReport:prompt In.c main.c Out.c Run.c State.c
         State.c
         Run.c
         Out.c
         main.c
         In.c
         正在生成代码...
       Link:
         D:\Program Files (x86)\Microsoft Visual Studio 12.0\VC\bin\link.exe /ERRORREPORT:PROMPT /OUT:"D:\Users\Salpha\Documents\GitHub\Elevator-on-C\Debug\elevator.exe" /INCREMENTAL /NOLOGO kernel32.lib user32.lib gdi32.lib winspool.lib comdlg32.lib advapi32.lib shell32.lib ole32.lib oleaut32.lib uuid.lib odbc32.lib odbccp32.lib /MANIFEST /MANIFESTUAC:"level='asInvoker' uiAccess='false'" /manifest:embed /DEBUG /PDB:"D:\Users\Salpha\Documents\GitHub\Elevator-on-C\Debug\elevator.pdb" /TLBID:1 /DYNAMICBASE /NXCOMPAT /IMPLIB:"D:\Users\Salpha\Documents\GitHub\Elevator-on-C\Debug\elevator.lib" /MACHINE:X86 Debug\In.obj
         Debug\main.obj
         Debug\Out.obj
         Debug\Run.obj
         Debug\State.obj
         LINK : 没有找到 D:\Users\Salpha\Documents\GitHub\Elevator-on-C\Debug\elevator.exe 或上一个增量链接没有生成它；正在执行完全链接
         elevator.vcxproj -> D:\Users\Salpha\Documents\GitHub\Elevator-on-C\Debug\elevator.exe
     1>已完成生成项目“D:\Users\Salpha\Documents\GitHub\Elevator-on-C\elevator\elevator.vcxproj”(Build 个目标)的操作。

生成成功。

已用时间 00:00:07.84
